New Contact Form Submission:

Name: sfdf
Email: dsgdg@v.com
Message: fdgdfgf
Submitted on: 2025-03-02 18:56:31


New Contact Form Submission:

Name: name2
Email: dsgdg@v.com
Message: xcxvvvv vvv
Submitted on: 2025-03-02 19:00:32


New Contact Form Submission:

Name: get_test
Email: dsgdg@v.com
Message: &#039;l&#039;
l;fd[lf
Submitted on: 2025-03-02 19:07:12


New Contact Form Submission:

Name: get_test
Email: dsgdg@v.com
Message: fsffffffffffffff
Submitted on: 2025-03-02 19:19:09


New Contact Form Submission:

Name: get_test
Email: dsgdg@v.com
Message: fsffffffffffffff
Submitted on: 2025-03-02 19:25:52


New Contact Form Submission:

Name: get_test
Email: dsgdg@v.com
Message: fsffffffffffffff
Submitted on: 2025-03-02 19:25:55


New Contact Form Submission:

Name: get_test
Email: dsgdg@v.com
Message: fsffffffffffffff
Submitted on: 2025-03-02 19:27:31


New Contact Form Submission:

Name: get_test
Email: dsgdg@v.com
Message: fsffffffffffffff
Submitted on: 2025-03-02 19:27:33


New Contact Form Submission:

Name: get_test
Email: dsgdg@v.com
Message: ssssssssssssssss
Submitted on: 2025-03-02 19:27:42


